2021-10-17 13:49:58.473  INFO 80466 --- [main] c.m.S.SpringBootRestDemoApplication      : Starting SpringBootRestDemoApplication using Java 1.8.0_161 on yuqings-MBP with PID 80466 (/Users/yuqing/Documents/Training/J2EE/SpringBootRestDemo/target/classes started by yuqing in /Users/yuqing/Documents/Training/J2EE/SpringBootRestDemo)
2021-10-17 13:49:58.486  INFO 80466 --- [main] c.m.S.SpringBootRestDemoApplication      : No active profile set, falling back to default profiles: default
2021-10-17 13:49:59.697  INFO 80466 --- [main] .s.d.r.c.RepositoryConfigurationDelegate : Bootstrapping Spring Data JPA repositories in DEFAULT mode.
2021-10-17 13:49:59.831  INFO 80466 --- [main] .s.d.r.c.RepositoryConfigurationDelegate : Finished Spring Data repository scanning in 118 ms. Found 6 JPA repository interfaces.
2021-10-17 13:50:00.640  INFO 80466 --- [main] trationDelegate$BeanPostProcessorChecker : Bean 'org.springframework.security.access.expression.method.DefaultMethodSecurityExpressionHandler@6e0f7aad' of type [org.springframework.security.access.expression.method.DefaultMethodSecurityExpressionHandler] is not eligible for getting processed by all BeanPostProcessors (for example: not eligible for auto-proxying)
2021-10-17 13:50:00.647  INFO 80466 --- [main] trationDelegate$BeanPostProcessorChecker : Bean 'methodSecurityMetadataSource' of type [org.springframework.security.access.method.DelegatingMethodSecurityMetadataSource] is not eligible for getting processed by all BeanPostProcessors (for example: not eligible for auto-proxying)
2021-10-17 13:50:01.103  INFO 80466 --- [main] o.s.b.w.embedded.tomcat.TomcatWebServer  : Tomcat initialized with port(s): 8080 (http)
2021-10-17 13:50:01.123  INFO 80466 --- [main] o.apache.catalina.core.StandardService   : Starting service [Tomcat]
2021-10-17 13:50:01.123  INFO 80466 --- [main] org.apache.catalina.core.StandardEngine  : Starting Servlet engine: [Apache Tomcat/9.0.50]
2021-10-17 13:50:01.249  INFO 80466 --- [main] o.a.c.c.C.[Tomcat].[localhost].[/]       : Initializing Spring embedded WebApplicationContext
2021-10-17 13:50:01.249  INFO 80466 --- [main] w.s.c.ServletWebServerApplicationContext : Root WebApplicationContext: initialization completed in 2699 ms
2021-10-17 13:50:01.744  INFO 80466 --- [main] o.hibernate.jpa.internal.util.LogHelper  : HHH000204: Processing PersistenceUnitInfo [name: default]
2021-10-17 13:50:01.842  INFO 80466 --- [main] org.hibernate.Version                    : HHH000412: Hibernate ORM core version 5.4.32.Final
2021-10-17 13:50:02.076  INFO 80466 --- [main] o.hibernate.annotations.common.Version   : HCANN000001: Hibernate Commons Annotations {5.1.2.Final}
2021-10-17 13:50:02.215  INFO 80466 --- [main] com.zaxxer.hikari.HikariDataSource       : HikariPool-1 - Starting...
2021-10-17 13:50:02.542  INFO 80466 --- [main] com.zaxxer.hikari.pool.PoolBase          : HikariPool-1 - Driver does not support get/set network timeout for connections. (oracle.jdbc.driver.T4CConnection.getNetworkTimeout()I)
2021-10-17 13:50:02.547  INFO 80466 --- [main] com.zaxxer.hikari.HikariDataSource       : HikariPool-1 - Start completed.
2021-10-17 13:50:02.571  INFO 80466 --- [main] org.hibernate.dialect.Dialect            : HHH000400: Using dialect: org.hibernate.dialect.Oracle10gDialect
2021-10-17 13:50:03.734  INFO 80466 --- [main] o.h.e.t.j.p.i.JtaPlatformInitiator       : HHH000490: Using JtaPlatform implementation: [org.hibernate.engine.transaction.jta.platform.internal.NoJtaPlatform]
2021-10-17 13:50:03.746  INFO 80466 --- [main] j.LocalContainerEntityManagerFactoryBean : Initialized JPA EntityManagerFactory for persistence unit 'default'
2021-10-17 13:50:04.725  WARN 80466 --- [main] JpaBaseConfiguration$JpaWebConfiguration : spring.jpa.open-in-view is enabled by default. Therefore, database queries may be performed during view rendering. Explicitly configure spring.jpa.open-in-view to disable this warning
2021-10-17 13:50:05.052  INFO 80466 --- [main] o.s.s.web.DefaultSecurityFilterChain     : Will secure any request with [org.springframework.security.web.context.request.async.WebAsyncManagerIntegrationFilter@4c13ca07, org.springframework.security.web.context.SecurityContextPersistenceFilter@6f65aa58, org.springframework.security.web.header.HeaderWriterFilter@1d556461, org.springframework.web.filter.CorsFilter@7d17906, org.springframework.security.web.authentication.logout.LogoutFilter@41f686af, org.springframework.security.web.authentication.UsernamePasswordAuthenticationFilter@236b4a44, org.springframework.security.web.authentication.www.BasicAuthenticationFilter@113d0f75, org.springframework.security.web.savedrequest.RequestCacheAwareFilter@36d7a68a, org.springframework.security.web.servletapi.SecurityContextHolderAwareRequestFilter@45dc7be, org.springframework.security.web.authentication.AnonymousAuthenticationFilter@97beeaf, org.springframework.security.web.session.SessionManagementFilter@4ed19b69, org.springframework.security.web.access.ExceptionTranslationFilter@77cc6a28, org.springframework.security.web.access.intercept.FilterSecurityInterceptor@21c99abf]
2021-10-17 13:50:05.697  INFO 80466 --- [main] o.s.b.w.embedded.tomcat.TomcatWebServer  : Tomcat started on port(s): 8080 (http) with context path ''
2021-10-17 13:50:05.708  INFO 80466 --- [main] c.m.S.SpringBootRestDemoApplication      : Started SpringBootRestDemoApplication in 7.949 seconds (JVM running for 8.567)
2021-10-17 13:51:24.813  INFO 80466 --- [http-nio-8080-exec-2] o.a.c.c.C.[Tomcat].[localhost].[/]       : Initializing Spring DispatcherServlet 'dispatcherServlet'
2021-10-17 13:51:24.813  INFO 80466 --- [http-nio-8080-exec-2] o.s.web.servlet.DispatcherServlet        : Initializing Servlet 'dispatcherServlet'
2021-10-17 13:51:24.815  INFO 80466 --- [http-nio-8080-exec-2] o.s.web.servlet.DispatcherServlet        : Completed initialization in 2 ms
2021-10-17 13:52:41.353  WARN 80466 --- [http-nio-8080-exec-5] .w.s.m.s.DefaultHandlerExceptionResolver : Resolved [org.springframework.http.converter.HttpMessageNotReadableException: JSON parse error: Unexpected character ('}' (code 125)): was expecting double-quote to start field name; nested exception is com.fasterxml.jackson.core.JsonParseException: Unexpected character ('}' (code 125)): was expecting double-quote to start field name
 at [Source: (PushbackInputStream); line: 6, column: 2]]
2021-10-17 13:53:09.353  WARN 80466 --- [http-nio-8080-exec-7] .w.s.m.s.DefaultHandlerExceptionResolver : Resolved [org.springframework.web.HttpMediaTypeNotSupportedException: Content type 'application/x-www-form-urlencoded;charset=UTF-8' not supported]
2021-10-17 13:53:29.422  INFO 80466 --- [SpringApplicationShutdownHook] j.LocalContainerEntityManagerFactoryBean : Closing JPA EntityManagerFactory for persistence unit 'default'
2021-10-17 13:53:29.424  INFO 80466 --- [SpringApplicationShutdownHook] com.zaxxer.hikari.HikariDataSource       : HikariPool-1 - Shutdown initiated...
2021-10-17 13:53:29.454  INFO 80466 --- [SpringApplicationShutdownHook] com.zaxxer.hikari.HikariDataSource       : HikariPool-1 - Shutdown completed.
